<?xml version="1.0" encoding="UTF-8"?>
<!-- Generated by org.testng.reporters.JUnitReportReporter -->
<testsuite hostname="THSLT10133" failures="0" tests="1" name="TestCases.LoginApp" time="17.467" errors="0" timestamp="2020-07-22T11:59:27 IST" skipped="0">
  <testcase classname="TestCases.LoginApp" name="Login" time="17.467"/>
  <system-out/>
</testsuite> <!-- TestCases.LoginApp -->
